
                                 Formality (R)

               Version L-2016.03-SP1 for linux64 - Apr 13, 2016 

                    Copyright (c) 1988 - 2016 Synopsys, Inc.
   This software and the associated documentation are proprietary to Synopsys,
 Inc. This software may only be used in accordance with the terms and conditions
 of a written license agreement with Synopsys, Inc. All other use, reproduction,
            or distribution of this software is strictly prohibited.

  ** Highlights of Formality (R) Version L-2016.03 **
   - New alternate verification strategies for resolving inconclusive verifications
   - Automation for deploying alternate strategies
   - New command to export the mapping of reference to implementation registers
   - New capability to combine PG and low power information from db libraries with Verilog functional models

   * Please refer to the Formality Release Notes for details and additional enhancements

Build: 4031317
Hostname: IC (RHEL64)
Current time: Sun Sep 24 02:15:01 2023

Loading db file '/opt/Synopsys/Formality2016/libraries/syn/gtech.db'
##################################################################################
############################## Formality Setup File ##############################
##################################################################################
set synopsys_auto_setup true
true
set verification_set_undriven_signals 0:x
0:x
set verification_verify_directly_undriven_output false
false
set_svf "/home/IC/SYSTEM/UART_RX/dft/UART_RX_dft.svf"
SVF set to '/home/IC/SYSTEM/UART_RX/dft/UART_RX_dft.svf'.
1
set SSLIB "/home/IC/Labs/Lab_Formal_2/std_cells/scmetro_tsmc_cl013g_rvt_ss_1p08v_125c.db"
/home/IC/Labs/Lab_Formal_2/std_cells/scmetro_tsmc_cl013g_rvt_ss_1p08v_125c.db
set TTLIB "/home/IC/Labs/Lab_Formal_2/std_cells/scmetro_tsmc_cl013g_rvt_tt_1p2v_25c.db"
/home/IC/Labs/Lab_Formal_2/std_cells/scmetro_tsmc_cl013g_rvt_tt_1p2v_25c.db
set FFLIB "/home/IC/Labs/Lab_Formal_2/std_cells/scmetro_tsmc_cl013g_rvt_ff_1p32v_m40c.db"
/home/IC/Labs/Lab_Formal_2/std_cells/scmetro_tsmc_cl013g_rvt_ff_1p32v_m40c.db
#################################################################################
############################## Reference Container ##############################
#################################################################################
## Read Design Files
read_verilog -container Ref "/home/IC/SYSTEM/UART_RX/rtl/data_sampling.v"
No target library specified, default is WORK
Initializing DesignWare ...
Initialization Complete
Loading verilog file '/home/IC/SYSTEM/UART_RX/rtl/data_sampling.v'
Created container 'Ref'
Current container set to 'Ref'
1
read_verilog -container Ref "/home/IC/SYSTEM/UART_RX/rtl/deserializer_parityCalc.v"
No target library specified, default is WORK
Loading verilog file '/home/IC/SYSTEM/UART_RX/rtl/deserializer_parityCalc.v'
1
read_verilog -container Ref "/home/IC/SYSTEM/UART_RX/rtl/edge_bit_counter.v"
No target library specified, default is WORK
Loading verilog file '/home/IC/SYSTEM/UART_RX/rtl/edge_bit_counter.v'
1
read_verilog -container Ref "/home/IC/SYSTEM/UART_RX/rtl/FSM.v"
No target library specified, default is WORK
Loading verilog file '/home/IC/SYSTEM/UART_RX/rtl/FSM.v'
1
read_verilog -container Ref "/home/IC/SYSTEM/UART_RX/rtl/parr_checker.v"
No target library specified, default is WORK
Loading verilog file '/home/IC/SYSTEM/UART_RX/rtl/parr_checker.v'
1
read_verilog -container Ref "/home/IC/SYSTEM/UART_RX/rtl/stp_checker.v"
No target library specified, default is WORK
Loading verilog file '/home/IC/SYSTEM/UART_RX/rtl/stp_checker.v'
1
read_verilog -container Ref "/home/IC/SYSTEM/UART_RX/rtl/strt_checker.v"
No target library specified, default is WORK
Loading verilog file '/home/IC/SYSTEM/UART_RX/rtl/strt_checker.v'
1
read_verilog -container Ref "/home/IC/SYSTEM/UART_RX/rtl/mux2X1.v"
No target library specified, default is WORK
Loading verilog file '/home/IC/SYSTEM/UART_RX/rtl/mux2X1.v'
1
read_verilog -container Ref "/home/IC/SYSTEM/UART_RX/rtl/UART_RX.v"
No target library specified, default is WORK
Loading verilog file '/home/IC/SYSTEM/UART_RX/rtl/UART_RX.v'
1
## Load Libraries
read_db -container Ref [list $SSLIB $TTLIB $FFLIB]
Loading db file '/home/IC/Labs/Lab_Formal_2/std_cells/scmetro_tsmc_cl013g_rvt_ss_1p08v_125c.db'
Loading db file '/home/IC/Labs/Lab_Formal_2/std_cells/scmetro_tsmc_cl013g_rvt_tt_1p2v_25c.db'
Loading db file '/home/IC/Labs/Lab_Formal_2/std_cells/scmetro_tsmc_cl013g_rvt_ff_1p32v_m40c.db'
1
## set_top design
set_reference_design "UART_RX"
Reference design set to 'Ref:/WORK/UART_RX'
1
set_top "UART_RX"
Setting top design to 'Ref:/WORK/UART_RX'
Status:   Elaborating design mux2X1   ...  
Status:   Elaborating design FSM   ...  
Status:   Elaborating design edge_bit_counter   ...  
Status:   Elaborating design data_sampling   ...  
Status:   Elaborating design deserializer_parityCalc   ...  
Status:   Elaborating design strt_checker   ...  
Status:   Elaborating design par_checker   ...  
Status:   Elaborating design stp_checker   ...  
Status:  Implementing inferred operators...

************ Library Checking Summary ************
Warning:  3 unlinked power cell(s) with unread pg pins.
        Use 'report_libraries -defects all' for more details.
**************************************************

Top design successfully set to 'Ref:/WORK/UART_RX'
Reference design set to 'Ref:/WORK/UART_RX'
1
######################################################################################
############################## Implementation Container ##############################
######################################################################################
## Read Design Files
read_verilog -container Imp -netlist "/home/IC/SYSTEM/UART_RX/dft/UART_RX_TOP_dft.v"
No target library specified, default is WORK
Loading verilog file '/home/IC/SYSTEM/UART_RX/dft/UART_RX_TOP_dft.v'
Created container 'Imp'
Current container set to 'Imp'
1
## Load Libraries
read_db -container Imp [list $SSLIB $TTLIB $FFLIB]
Loading db file '/home/IC/Labs/Lab_Formal_2/std_cells/scmetro_tsmc_cl013g_rvt_ss_1p08v_125c.db'
Loading db file '/home/IC/Labs/Lab_Formal_2/std_cells/scmetro_tsmc_cl013g_rvt_tt_1p2v_25c.db'
Loading db file '/home/IC/Labs/Lab_Formal_2/std_cells/scmetro_tsmc_cl013g_rvt_ff_1p32v_m40c.db'
1
## set_top design
set_implementation_design "UART_RX"
Implementation design set to 'Imp:/WORK/UART_RX'
1
set_top "UART_RX"
Setting top design to 'Imp:/WORK/UART_RX'
Status:  Implementing inferred operators...

************ Library Checking Summary ************
Warning:  3 unlinked power cell(s) with unread pg pins.
        Use 'report_libraries -defects all' for more details.
**************************************************

Top design successfully set to 'Imp:/WORK/UART_RX'
Implementation design set to 'Imp:/WORK/UART_RX'
1
######################################################################################
########################## Don't verify ##############################################
######################################################################################
# do not verify scan in & scan out ports as a compare point as it is existed only after synthesis and not existed in the RTL
#scan in
set_dont_verify_points -type port Ref:/WORK/*/SI
Set don't verify point 'Ref:/WORK/UART_RX/SI'
1
set_dont_verify_points -type port Imp:/WORK/*/SI
Set don't verify point 'Imp:/WORK/UART_RX/SI'
1
#scan_out
set_dont_verify_points -type port Ref:/WORK/*/SO
Set don't verify point 'Ref:/WORK/UART_RX/SO'
1
set_dont_verify_points -type port Imp:/WORK/*/SO
Set don't verify point 'Imp:/WORK/UART_RX/SO'
1
######################################################################################
############################### contants #############################################
######################################################################################
# all atpg enable (test_mode, scan_enable) are zero during formal compare
#test_mode
set_constant Ref:/WORK/*/SE 0
Set 'Ref:/WORK/UART_RX/SE' to constant 0
1
set_constant Imp:/WORK/*/SE 0
Set 'Imp:/WORK/UART_RX/SE' to constant 0
1
#scan_enable
set_constant Imp:/WORK/*/SE 0
Set 'Imp:/WORK/UART_RX/SE' to constant 0; previous value was also 0
1
######################################################################################
######################### Matching Compare Points & Verify ###########################
######################################################################################
set successful [verify]
Reference design is 'Ref:/WORK/UART_RX'
Implementation design is 'Imp:/WORK/UART_RX'
Status:  Checking designs...
    Warning: 1 (0) undriven nets found in reference (implementation) design; see formality.log for list (FM-399)
Status:  Building verification models...
Status:  Processing Guide Commands...

***************************** Guidance Summary *****************************
                                         Status
Command                 Accepted   Rejected  Unsupported  Unprocessed  Total
----------------------------------------------------------------------------
environment         :          5          0          0          0          5
mark                :          8          0          0          0          8
replace             :          1          0          0          0          1
transformation
   map              :          9          0          0          0          9
   share            :          1          0          0          0          1
   tree             :          1          0          0          0          1
uniquify            :          2          0          0          0          2
ununiquify          :          1          0          0          0          1

SVF files read:
      /home/IC/SYSTEM/UART_RX/dft/UART_RX_dft.svf

SVF files produced:
  /home/IC/SYSTEM/UART_RX/fm/formality_svf/
    svf.txt
****************************************************************************

Status:  Matching...
    
*********************************** Matching Results ***********************************    
 47 Compare points matched by name    
 0 Compare points matched by signature analysis    
 0 Compare points matched by topology    
 14 Matched primary inputs, black-box outputs    
 0(0) Unmatched reference(implementation) compare points    
 0(0) Unmatched reference(implementation) primary inputs, black-box outputs    
****************************************************************************************

Status:  Verifying...

***************************** Synopsys Auto Setup Summary ******************************

!!! Synopsys Auto Setup Mode was enabled. !!!
!!! Verification results are valid assuming the following setup constraints: !!!

### RTL Interpretation Setup
   set hdlin_ignore_parallel_case false
   set hdlin_ignore_full_case false
   set hdlin_error_on_mismatch_message false
   set hdlin_ignore_embedded_configuration true

### Test Logic Setup
   set verification_verify_directly_undriven_output false
   For details see report_dont_verify_points and report_constants


For further details on Synopsys Auto Setup Mode: Type man synopsys_auto_setup
****************************************************************************************


********************************* Verification Results *********************************
Verification SUCCEEDED
   ATTENTION: synopsys_auto_setup mode was enabled.
              See Synopsys Auto Setup Summary for details.
----------------------------------------------------------
 Reference design: Ref:/WORK/UART_RX
 Implementation design: Imp:/WORK/UART_RX
 47 Passing compare points
----------------------------------------------------------------------------------------
Matched Compare Points     BBPin    Loop   BBNet     Cut    Port     DFF     LAT   TOTAL
----------------------------------------------------------------------------------------
Passing (equivalent)           0       0       0       0       9      38       0      47
Failing (not equivalent)       0       0       0       0       0       0       0       0
Not Compared
  Don't verify                 0       0       0       0       1       0       0       1
****************************************************************************************
1
if {!$successful} {
diagnose
analyze_points -failing
}
####################################################################################
################################## Reporting #######################################
####################################################################################
report_passing_points > "passing_points.rpt"
report_failing_points > "failing_psoints.rpt"
report_aborted_points > "aborted_points.rpt"
report_unverified_points > "unverified_points.rpt"
####################################################################################
################################## Start GUI #######################################
####################################################################################
start_gui
     1  source -echo -verbose fm_script.tcl
1
exit

Maximum memory usage for this session: 446020 KB
CPU usage for this session: 2.05 seconds
Current time: Sun Sep 24 02:15:07 2023
Elapsed time: 16 seconds

Thank you for using Formality (R)!
