 
****************************************
Report : area
Design : UART_RX
Version: K-2015.06
Date   : Sun Sep 24 02:16:38 2023
****************************************

Library(s) Used:

    scmetro_tsmc_cl013g_rvt_ss_1p08v_125c (File: /home/IC/SYSTEM/UART_RX/std_cells/scmetro_tsmc_cl013g_rvt_ss_1p08v_125c.db)

Number of ports:                          148
Number of nets:                           372
Number of cells:                          228
Number of combinational cells:            181
Number of sequential cells:                38
Number of macros/black boxes:               0
Number of buf/inv:                         35
Number of references:                      10

Combinational area:               1366.148721
Buf/Inv area:                      129.437003
Noncombinational area:            1346.144798
Macro/Black Box area:                0.000000
Net Interconnect area:      undefined  (No wire load specified)

Total cell area:                  2712.293519
Total area:                 undefined

Hierarchical area distribution
------------------------------

                                  Global cell area          Local cell area
                                  ------------------  ---------------------------- 
Hierarchical cell                 Absolute   Percent  Combi-     Noncombi-  Black-
                                  Total      Total    national   national   boxes   Design
--------------------------------  ---------  -------  ---------  ---------  ------  ------------------------------
UART_RX                           2712.2935    100.0    23.5340     0.0000  0.0000  UART_RX
CLK_mux2x1                          11.7670      0.4    11.7670     0.0000  0.0000  mux2X1_1
FSM                                316.5323     11.7   171.7982   144.7341  0.0000  FSM_test_1
RST_mux2x1                          11.7670      0.4    11.7670     0.0000  0.0000  mux2X1_0
counter                            686.0161     25.3   351.8333   334.1828  0.0000  edge_bit_counter_test_1
deserializer_parityCalc            954.3037     35.2   351.8333   602.4704  0.0000  deserializer_parityCalc_test_1
par_checker                         65.8952      2.4    32.9476    32.9476  0.0000  par_checker_test_1
sampler                            545.9888     20.1   380.0741   165.9147  0.0000  data_sampling_test_1
stp_checker                         49.4214      1.8    16.4738    32.9476  0.0000  stp_checker_test_1
strt_checker                        47.0680      1.7    14.1204    32.9476  0.0000  strt_checker_test_1
--------------------------------  ---------  -------  ---------  ---------  ------  ------------------------------
Total                                                 1366.1487  1346.1448  0.0000

1
