                                        
                           Design Compiler Graphical 
                                 DC Ultra (TM)
                                  DFTMAX (TM)
                              Power Compiler (TM)
                                 DesignWare (R)
                                 DC Expert (TM)
                               Design Vision (TM)
                               HDL Compiler (TM)
                               VHDL Compiler (TM)
                                  DFT Compiler
                               Design Compiler(R)
                                        
                 Version K-2015.06 for linux64 - May 28, 2015 
                                        
                    Copyright (c) 1988 - 2015 Synopsys, Inc.
   This software and the associated documentation are proprietary to Synopsys,
 Inc. This software may only be used in accordance with the terms and conditions
 of a written license agreement with Synopsys, Inc. All other use, reproduction,
            or distribution of this software is strictly prohibited.
Initializing...
Initializing gui preferences from file  /home/IC/.synopsys_dv_prefs.tcl
#################################################################
####################### Define Top Module #######################
#################################################################
set top_module UART_RX
UART_RX
#
#################################################################
################ Define Working Library Directory ###############
#################################################################
define_design_lib work -path ./work
1
#
###### Opening .svf file ######
set_svf UART_RX_dft.svf
1
#
#################################################################
############## Design Compiler Library Files #setup #############
#################################################################
lappend search_path "/home/IC/SYSTEM/UART_RX/std_cells"
. /opt/Synopsys/Synplify2015/libraries/syn /opt/Synopsys/Synplify2015/minpower/syn /opt/Synopsys/Synplify2015/dw/syn_ver /opt/Synopsys/Synplify2015/dw/sim_ver /home/IC/SYSTEM/UART_RX/std_cells
lappend search_path "/home/IC/SYSTEM/UART_RX/rtl"
. /opt/Synopsys/Synplify2015/libraries/syn /opt/Synopsys/Synplify2015/minpower/syn /opt/Synopsys/Synplify2015/dw/syn_ver /opt/Synopsys/Synplify2015/dw/sim_ver /home/IC/SYSTEM/UART_RX/std_cells /home/IC/SYSTEM/UART_RX/rtl
#
set SSLIB "scmetro_tsmc_cl013g_rvt_ss_1p08v_125c.db"
scmetro_tsmc_cl013g_rvt_ss_1p08v_125c.db
set TTLIB "scmetro_tsmc_cl013g_rvt_tt_1p2v_25c.db"
scmetro_tsmc_cl013g_rvt_tt_1p2v_25c.db
set FFLIB "scmetro_tsmc_cl013g_rvt_ff_1p32v_m40c.db"
scmetro_tsmc_cl013g_rvt_ff_1p32v_m40c.db
#
###### Standard Cell libraries ###### 
set target_library [list $SSLIB $TTLIB $FFLIB]
scmetro_tsmc_cl013g_rvt_ss_1p08v_125c.db scmetro_tsmc_cl013g_rvt_tt_1p2v_25c.db scmetro_tsmc_cl013g_rvt_ff_1p32v_m40c.db
#
###### Standard Cell & Hard Macros libraries ###### 
set link_library [list * $SSLIB $TTLIB $FFLIB]  
* scmetro_tsmc_cl013g_rvt_ss_1p08v_125c.db scmetro_tsmc_cl013g_rvt_tt_1p2v_25c.db scmetro_tsmc_cl013g_rvt_ff_1p32v_m40c.db
#
##################################################################
#################### Reading RTL Files  ##########################
##################################################################
set file_format verilog
verilog
#
read_file -format $file_format deserializer_parityCalc.v
Loading db file '/home/IC/SYSTEM/UART_RX/std_cells/scmetro_tsmc_cl013g_rvt_ss_1p08v_125c.db'
Loading db file '/home/IC/SYSTEM/UART_RX/std_cells/scmetro_tsmc_cl013g_rvt_tt_1p2v_25c.db'
Loading db file '/home/IC/SYSTEM/UART_RX/std_cells/scmetro_tsmc_cl013g_rvt_ff_1p32v_m40c.db'
Loading db file '/opt/Synopsys/Synplify2015/libraries/syn/gtech.db'
Loading db file '/opt/Synopsys/Synplify2015/libraries/syn/standard.sldb'
  Loading link library 'scmetro_tsmc_cl013g_rvt_ss_1p08v_125c'
  Loading link library 'scmetro_tsmc_cl013g_rvt_tt_1p2v_25c'
  Loading link library 'scmetro_tsmc_cl013g_rvt_ff_1p32v_m40c'
  Loading link library 'gtech'
Loading verilog file '/home/IC/SYSTEM/UART_RX/rtl/deserializer_parityCalc.v'
Detecting input file type automatically (-rtl or -netlist).
Reading with Presto HDL Compiler (equivalent to -rtl option).
Running PRESTO HDLC
Compiling source file /home/IC/SYSTEM/UART_RX/rtl/deserializer_parityCalc.v

Statistics for case statements in always block at line 40 in file
	'/home/IC/SYSTEM/UART_RX/rtl/deserializer_parityCalc.v'
===============================================
|           Line           |  full/ parallel  |
===============================================
|            45            |    auto/auto     |
===============================================

Inferred memory devices in process
	in routine deserializer_parityCalc line 23 in file
		'/home/IC/SYSTEM/UART_RX/rtl/deserializer_parityCalc.v'.
===============================================================================
|    Register Name    |   Type    | Width | Bus | MB | AR | AS | SR | SS | ST |
===============================================================================
|    registers_reg    | Flip-flop |   8   |  Y  | N  | Y  | N  | N  | N  | N  |
|     P_DATA_reg      | Flip-flop |   8   |  Y  | N  | Y  | N  | N  | N  | N  |
===============================================================================
Presto compilation completed successfully.
Current design is now '/home/IC/SYSTEM/UART_RX/rtl/deserializer_parityCalc.db:deserializer_parityCalc'
Loaded 1 design.
Current design is 'deserializer_parityCalc'.
deserializer_parityCalc
read_file -format $file_format data_sampling.v
Loading verilog file '/home/IC/SYSTEM/UART_RX/rtl/data_sampling.v'
Detecting input file type automatically (-rtl or -netlist).
Reading with Presto HDL Compiler (equivalent to -rtl option).
Running PRESTO HDLC
Compiling source file /home/IC/SYSTEM/UART_RX/rtl/data_sampling.v

Statistics for case statements in always block at line 21 in file
	'/home/IC/SYSTEM/UART_RX/rtl/data_sampling.v'
===============================================
|           Line           |  full/ parallel  |
===============================================
|            31            |      no/no       |
===============================================

Inferred memory devices in process
	in routine data_sampling line 21 in file
		'/home/IC/SYSTEM/UART_RX/rtl/data_sampling.v'.
===============================================================================
|    Register Name    |   Type    | Width | Bus | MB | AR | AS | SR | SS | ST |
===============================================================================
|     samples_reg     | Flip-flop |   3   |  Y  | N  | Y  | N  | N  | N  | N  |
|      DONE_reg       | Flip-flop |   1   |  N  | N  | Y  | N  | N  | N  | N  |
|   sampled_bit_reg   | Flip-flop |   1   |  N  | N  | Y  | N  | N  | N  | N  |
===============================================================================
Presto compilation completed successfully.
Current design is now '/home/IC/SYSTEM/UART_RX/rtl/data_sampling.db:data_sampling'
Loaded 1 design.
Current design is 'data_sampling'.
data_sampling
read_file -format $file_format edge_bit_counter.v
Loading verilog file '/home/IC/SYSTEM/UART_RX/rtl/edge_bit_counter.v'
Detecting input file type automatically (-rtl or -netlist).
Reading with Presto HDL Compiler (equivalent to -rtl option).
Running PRESTO HDLC
Compiling source file /home/IC/SYSTEM/UART_RX/rtl/edge_bit_counter.v

Inferred memory devices in process
	in routine edge_bit_counter line 12 in file
		'/home/IC/SYSTEM/UART_RX/rtl/edge_bit_counter.v'.
===============================================================================
|    Register Name    |   Type    | Width | Bus | MB | AR | AS | SR | SS | ST |
===============================================================================
|    edge_cnt_reg     | Flip-flop |   6   |  Y  | N  | Y  | N  | N  | N  | N  |
|     bit_cnt_reg     | Flip-flop |   4   |  Y  | N  | Y  | N  | N  | N  | N  |
===============================================================================
Presto compilation completed successfully.
Current design is now '/home/IC/SYSTEM/UART_RX/rtl/edge_bit_counter.db:edge_bit_counter'
Loaded 1 design.
Current design is 'edge_bit_counter'.
edge_bit_counter
read_file -format $file_format strt_checker.v
Loading verilog file '/home/IC/SYSTEM/UART_RX/rtl/strt_checker.v'
Detecting input file type automatically (-rtl or -netlist).
Reading with Presto HDL Compiler (equivalent to -rtl option).
Running PRESTO HDLC
Compiling source file /home/IC/SYSTEM/UART_RX/rtl/strt_checker.v

Inferred memory devices in process
	in routine strt_checker line 13 in file
		'/home/IC/SYSTEM/UART_RX/rtl/strt_checker.v'.
===============================================================================
|    Register Name    |   Type    | Width | Bus | MB | AR | AS | SR | SS | ST |
===============================================================================
|   strt_glitch_reg   | Flip-flop |   1   |  N  | N  | Y  | N  | N  | N  | N  |
===============================================================================
Presto compilation completed successfully.
Current design is now '/home/IC/SYSTEM/UART_RX/rtl/strt_checker.db:strt_checker'
Loaded 1 design.
Current design is 'strt_checker'.
strt_checker
read_file -format $file_format parr_checker.v
Loading verilog file '/home/IC/SYSTEM/UART_RX/rtl/parr_checker.v'
Detecting input file type automatically (-rtl or -netlist).
Reading with Presto HDL Compiler (equivalent to -rtl option).
Running PRESTO HDLC
Compiling source file /home/IC/SYSTEM/UART_RX/rtl/parr_checker.v

Inferred memory devices in process
	in routine par_checker line 15 in file
		'/home/IC/SYSTEM/UART_RX/rtl/parr_checker.v'.
===============================================================================
|    Register Name    |   Type    | Width | Bus | MB | AR | AS | SR | SS | ST |
===============================================================================
|     par_err_reg     | Flip-flop |   1   |  N  | N  | Y  | N  | N  | N  | N  |
===============================================================================
Presto compilation completed successfully.
Current design is now '/home/IC/SYSTEM/UART_RX/rtl/par_checker.db:par_checker'
Loaded 1 design.
Current design is 'par_checker'.
par_checker
read_file -format $file_format stp_checker.v
Loading verilog file '/home/IC/SYSTEM/UART_RX/rtl/stp_checker.v'
Detecting input file type automatically (-rtl or -netlist).
Reading with Presto HDL Compiler (equivalent to -rtl option).
Running PRESTO HDLC
Compiling source file /home/IC/SYSTEM/UART_RX/rtl/stp_checker.v

Inferred memory devices in process
	in routine stp_checker line 13 in file
		'/home/IC/SYSTEM/UART_RX/rtl/stp_checker.v'.
===============================================================================
|    Register Name    |   Type    | Width | Bus | MB | AR | AS | SR | SS | ST |
===============================================================================
|     stp_err_reg     | Flip-flop |   1   |  N  | N  | Y  | N  | N  | N  | N  |
===============================================================================
Presto compilation completed successfully.
Current design is now '/home/IC/SYSTEM/UART_RX/rtl/stp_checker.db:stp_checker'
Loaded 1 design.
Current design is 'stp_checker'.
stp_checker
read_file -format $file_format FSM.v
Loading verilog file '/home/IC/SYSTEM/UART_RX/rtl/FSM.v'
Detecting input file type automatically (-rtl or -netlist).
Reading with Presto HDL Compiler (equivalent to -rtl option).
Running PRESTO HDLC
Compiling source file /home/IC/SYSTEM/UART_RX/rtl/FSM.v

Statistics for case statements in always block at line 50 in file
	'/home/IC/SYSTEM/UART_RX/rtl/FSM.v'
===============================================
|           Line           |  full/ parallel  |
===============================================
|            52            |    auto/auto     |
===============================================

Inferred memory devices in process
	in routine FSM line 38 in file
		'/home/IC/SYSTEM/UART_RX/rtl/FSM.v'.
===============================================================================
|    Register Name    |   Type    | Width | Bus | MB | AR | AS | SR | SS | ST |
===============================================================================
|   data_valid_reg    | Flip-flop |   1   |  N  | N  | Y  | N  | N  | N  | N  |
===============================================================================

Inferred memory devices in process
	in routine FSM line 44 in file
		'/home/IC/SYSTEM/UART_RX/rtl/FSM.v'.
===============================================================================
|    Register Name    |   Type    | Width | Bus | MB | AR | AS | SR | SS | ST |
===============================================================================
|  current_state_reg  | Flip-flop |   3   |  Y  | N  | Y  | N  | N  | N  | N  |
===============================================================================
Presto compilation completed successfully.
Current design is now '/home/IC/SYSTEM/UART_RX/rtl/FSM.db:FSM'
Loaded 1 design.
Current design is 'FSM'.
FSM
read_file -format $file_format mux2X1.v
Loading verilog file '/home/IC/SYSTEM/UART_RX/rtl/mux2X1.v'
Detecting input file type automatically (-rtl or -netlist).
Reading with Presto HDL Compiler (equivalent to -rtl option).
Running PRESTO HDLC
Compiling source file /home/IC/SYSTEM/UART_RX/rtl/mux2X1.v
Presto compilation completed successfully.
Current design is now '/home/IC/SYSTEM/UART_RX/rtl/mux2X1.db:mux2X1'
Loaded 1 design.
Current design is 'mux2X1'.
mux2X1
read_file -format $file_format UART_RX.v
Loading verilog file '/home/IC/SYSTEM/UART_RX/rtl/UART_RX.v'
Detecting input file type automatically (-rtl or -netlist).
Running DC verilog reader
Performing 'read' command.
Compiling source file /home/IC/SYSTEM/UART_RX/rtl/UART_RX.v
Reading with netlist reader (equivalent to -netlist option).
Verilog netlist reader completed successfully.
Current design is now '/home/IC/SYSTEM/UART_RX/rtl/UART_RX.db:UART_RX'
Loaded 1 design.
Current design is 'UART_RX'.
UART_RX
#
##################################################################
################## Defining toplevel #############################
##################################################################
current_design $top_module
Current design is 'UART_RX'.
{UART_RX}
#
##################################################################
############### Liniking All The Design Parts ####################
##################################################################
link 

  Linking design 'UART_RX'
  Using the following designs and libraries:
  --------------------------------------------------------------------------
  * (9 designs)               /home/IC/SYSTEM/UART_RX/rtl/UART_RX.db, etc
  scmetro_tsmc_cl013g_rvt_ss_1p08v_125c (library) /home/IC/SYSTEM/UART_RX/std_cells/scmetro_tsmc_cl013g_rvt_ss_1p08v_125c.db
  scmetro_tsmc_cl013g_rvt_tt_1p2v_25c (library) /home/IC/SYSTEM/UART_RX/std_cells/scmetro_tsmc_cl013g_rvt_tt_1p2v_25c.db
  scmetro_tsmc_cl013g_rvt_ff_1p32v_m40c (library) /home/IC/SYSTEM/UART_RX/std_cells/scmetro_tsmc_cl013g_rvt_ff_1p32v_m40c.db

1
#
##################################################################
################ checking design consistency #####################
##################################################################
check_design
 
****************************************
check_design summary:
Version:     K-2015.06
Date:        Sun Sep 24 02:16:03 2023
****************************************

                   Name                                            Total
--------------------------------------------------------------------------------
Inputs/Outputs                                                      4
    Unconnected ports (LINT-28)                                     4

Cells                                                               3
    Cells do not drive (LINT-1)                                     3
--------------------------------------------------------------------------------

Warning: In design 'edge_bit_counter', cell 'C83' does not drive any nets. (LINT-1)
Warning: In design 'edge_bit_counter', cell 'C84' does not drive any nets. (LINT-1)
Warning: In design 'data_sampling', cell 'C85' does not drive any nets. (LINT-1)
Warning: In design 'UART_RX', port 'SI' is not connected to any nets. (LINT-28)
Warning: In design 'UART_RX', port 'SE' is not connected to any nets. (LINT-28)
Warning: In design 'UART_RX', port 'SO' is not connected to any nets. (LINT-28)
Warning: In design 'data_sampling', port 'Prescale[0]' is not connected to any nets. (LINT-28)
1
#
##################################################################
########################## Path groups ###########################
##################################################################
group_path -name INREG -from [all_inputs]
1
group_path -name REGOUT -to [all_outputs]
1
group_path -name INOUT -from [all_inputs] -to [all_outputs]
1
#
####################################################################
################ Define Design Constraints #########################
####################################################################
source -echo ./cons.tcl
# Constraints
# ----------------------------------------------------------------------------
#
# 1. Master Clock Definitions
#
# 2. Generated Clock Definitions
#
# 3. Clock Uncertainties
#
# 4. Clock Latencies 
#
# 5. Clock Relationships
#
# 6. set input/output delay on ports
#
# 7. Driving cells
#
# 8. Output load
####################################################################################
#########################################################
#### Section 1 : Clock Definition ####
#########################################################
#################################################################################### 
# 1. Master Clock Definitions 
set Tperiod 5
create_clock -name "SysCLK" -period $Tperiod [get_ports CLK]
#
# 2. Generated Clock Definitions
###########No generated clocks #########
#
# 3. Clock Uncertainties
set_clock_uncertainty -setup 0.25 [get_clocks SysCLK]
set_clock_uncertainty -hold 0.05 [get_clocks SysCLK]
#
# 4. Clock Latencies
set_clock_latency 0 [get_clocks "SysCLK"]
#
# 5. Clock Transitions
set_clock_transition 0.1 [get_clocks SysCLK]
#
####################################################################################
#########################################################
#### Section 2 : Clocks Relationships ####
#########################################################
####################################################################################
####################################################################################
#########################################################
#### Section 3 : set input/output delay on ports ####
#########################################################
####################################################################################
set in_delay  [expr 0.3*$Tperiod]
set out_delay [expr 0.3*$Tperiod]
#
#Constrain Input Paths
set_input_delay $in_delay -clock "SysCLK" [get_ports RX_IN]
set_input_delay $in_delay -clock "SysCLK" [get_ports Prescale]
set_input_delay $in_delay -clock "SysCLK" [get_ports PAR_EN]
set_input_delay $in_delay -clock "SysCLK" [get_ports PAR_TYP]
#
#Constrain Output Paths
set_output_delay $out_delay -clock "SysCLK" [get_ports P_DATA]
set_output_delay $out_delay -clock "SysCLK" [get_ports data_valid]
#
####################################################################################
#########################################################
#### Section 4 : Driving cells ####
#########################################################
####################################################################################
set slow "scmetro_tsmc_cl013g_rvt_ss_1p08v_125c"
#
set_driving_cell -library $slow -lib_cell BUFX2M [get_ports RX_IN]
Warning: Design rule attributes from the driving cell will be
	set on the port. (UID-401)
set_driving_cell -library $slow -lib_cell BUFX2M [get_ports Prescale]
Warning: Design rule attributes from the driving cell will be
	set on the port. (UID-401)
Warning: Design rule attributes from the driving cell will be
	set on the port. (UID-401)
Warning: Design rule attributes from the driving cell will be
	set on the port. (UID-401)
Warning: Design rule attributes from the driving cell will be
	set on the port. (UID-401)
Warning: Design rule attributes from the driving cell will be
	set on the port. (UID-401)
Warning: Design rule attributes from the driving cell will be
	set on the port. (UID-401)
set_driving_cell -library $slow -lib_cell BUFX2M [get_ports PAR_EN]
Warning: Design rule attributes from the driving cell will be
	set on the port. (UID-401)
set_driving_cell -library $slow -lib_cell BUFX2M [get_ports PAR_TYP]
Warning: Design rule attributes from the driving cell will be
	set on the port. (UID-401)
#
set_dont_touch_network SysCLK
#
####################################################################################
#########################################################
#### Section 5 : Output load ####
#########################################################
####################################################################################
set_load 0.5 [get_ports P_DATA]
set_load 0.5 [get_ports data_valid]
#
####################################################################################
#########################################################
#### Section 6 : Operating Condition ####
#########################################################
####################################################################################
# Define the Worst Library for Max(#setup) analysis
# Define the Best Library for Min(hold) analysis
set_operating_conditions -max_library "scmetro_tsmc_cl013g_rvt_ss_1p08v_125c" -max "scmetro_tsmc_cl013g_rvt_ss_1p08v_125c" -min_library "scmetro_tsmc_cl013g_rvt_ff_1p32v_m40c" -min "scmetro_tsmc_cl013g_rvt_ff_1p32v_m40c"
Using operating conditions 'scmetro_tsmc_cl013g_rvt_ss_1p08v_125c' found in library 'scmetro_tsmc_cl013g_rvt_ss_1p08v_125c'.
Using operating conditions 'scmetro_tsmc_cl013g_rvt_ff_1p32v_m40c' found in library 'scmetro_tsmc_cl013g_rvt_ff_1p32v_m40c'.
#
####################################################################################
#########################################################
#### Section 7 : wireload Model ####
#########################################################
####################################################################################
#set_wire_load_model -name "tsmc13_wl10" -library "scmetro_tsmc_cl013g_rvt_ss_1p08v_125c"
#
####################################################################################
#########################################################
#### Section 8 : multicycle path ####
#########################################################
####################################################################################
#
####################################################################################
#########################################################
#### Section 9 : Case analysis for DFT ####
#########################################################
####################################################################################
set_case_analysis 0 [get_ports test_mode]
#
#
##################################################################
############## Configure scan chains for "DFT" ###################
##################################################################
set_scan_configuration -clock_mixing no_mix -style multiplexed_flip_flop -replace true -max_length 100
Accepted scan configuration for modes: all_dft
1
compile -scan
Information: Choosing a test methodology will restrict the optimization of sequential cells. (UIO-12)
Information: Evaluating DesignWare library utilization. (UISN-27)

============================================================================
| DesignWare Building Block Library  |         Version         | Available |
============================================================================
| Basic DW Building Blocks           | K-2015.06-DWBB_201506.0 |     *     |
| Licensed DW Building Blocks        |                         |           |
============================================================================


Information: There are 7 potential problems in your design. Please run 'check_design' for more information. (LINT-99)


Warning: Operating condition scmetro_tsmc_cl013g_rvt_ss_1p08v_125c set on design UART_RX has different process,
voltage and temperatures parameters than the parameters at which target library 
scmetro_tsmc_cl013g_rvt_tt_1p2v_25c is characterized. Delays may be inaccurate as a result. (OPT-998)

  Beginning Pass 1 Mapping
  ------------------------
  Processing 'stp_checker'
  Processing 'par_checker'
  Processing 'strt_checker'
  Processing 'deserializer_parityCalc'
  Processing 'data_sampling'
  Processing 'edge_bit_counter'
  Processing 'FSM'
  Processing 'mux2X1_0'
  Processing 'mux2X1_1'
  Processing 'UART_RX'

  Updating timing information
Information: Updating design information... (UID-85)

  Beginning Implementation Selection
  ----------------------------------
  Processing 'data_sampling_DW01_cmp6_0'
  Processing 'data_sampling_DW01_cmp6_1'
  Processing 'data_sampling_DW01_dec_0'
  Processing 'data_sampling_DW01_cmp6_2'
  Processing 'data_sampling_DW01_inc_0'
  Processing 'edge_bit_counter_DW01_inc_0'
  Processing 'edge_bit_counter_DW01_cmp6_0'
  Processing 'edge_bit_counter_DW01_dec_0'

  Beginning Mapping Optimizations  (Medium effort)
  -------------------------------

                                  TOTAL                                      
   ELAPSED            WORST NEG   SETUP    DESIGN                            
    TIME      AREA      SLACK     COST    RULE COST         ENDPOINT         
  --------- --------- --------- --------- --------- -------------------------
    0:00:02    5170.4      0.00       0.0       0.0                          
    0:00:02    5170.4      0.00       0.0       0.0                          
    0:00:02    5170.4      0.00       0.0       0.0                          
    0:00:02    5170.4      0.00       0.0       0.0                          
    0:00:02    5170.4      0.00       0.0       0.0                          
    0:00:02    2824.1      0.00       0.0       0.0                          
    0:00:02    2824.1      0.00       0.0       0.0                          
    0:00:02    2824.1      0.00       0.0       0.0                          
    0:00:02    2824.1      0.00       0.0       0.0                          
    0:00:02    2824.1      0.00       0.0       0.0                          
    0:00:02    2824.1      0.00       0.0       0.0                          
    0:00:02    2824.1      0.00       0.0       0.0                          
    0:00:02    2824.1      0.00       0.0       0.0                          



  Beginning Delay Optimization Phase
  ----------------------------------

                                  TOTAL                                      
   ELAPSED            WORST NEG   SETUP    DESIGN                            
    TIME      AREA      SLACK     COST    RULE COST         ENDPOINT         
  --------- --------- --------- --------- --------- -------------------------
    0:00:02    2824.1      0.00       0.0       0.0                          
    0:00:02    2824.1      0.00       0.0       0.0                          
    0:00:02    2714.6      0.00       0.0      32.0                          


  Beginning Design Rule Fixing  (max_transition)  (max_capacitance)
  ----------------------------

                                  TOTAL                                      
   ELAPSED            WORST NEG   SETUP    DESIGN                            
    TIME      AREA      SLACK     COST    RULE COST         ENDPOINT         
  --------- --------- --------- --------- --------- -------------------------
    0:00:02    2714.6      0.00       0.0      32.0                          
    0:00:02    2799.4      0.00       0.0       0.0                          


  Beginning Area-Recovery Phase  (cleanup)
  -----------------------------

                                  TOTAL                                      
   ELAPSED            WORST NEG   SETUP    DESIGN                            
    TIME      AREA      SLACK     COST    RULE COST         ENDPOINT         
  --------- --------- --------- --------- --------- -------------------------
    0:00:02    2799.4      0.00       0.0       0.0                          
    0:00:02    2799.4      0.00       0.0       0.0                          
    0:00:02    2784.1      0.00       0.0       0.0                          
    0:00:02    2784.1      0.00       0.0       0.0                          
    0:00:02    2784.1      0.00       0.0       0.0                          
    0:00:02    2784.1      0.00       0.0       0.0                          
    0:00:02    2784.1      0.00       0.0       0.0                          
    0:00:02    2784.1      0.00       0.0       0.0                          
    0:00:02    2784.1      0.00       0.0       0.0                          
    0:00:02    2784.1      0.00       0.0       0.0                          
    0:00:02    2784.1      0.00       0.0       0.0                          
    0:00:02    2784.1      0.00       0.0       0.0                          
    0:00:02    2784.1      0.00       0.0       0.0                          
Loading db file '/home/IC/SYSTEM/UART_RX/std_cells/scmetro_tsmc_cl013g_rvt_ss_1p08v_125c.db'
Loading db file '/home/IC/SYSTEM/UART_RX/std_cells/scmetro_tsmc_cl013g_rvt_tt_1p2v_25c.db'
Loading db file '/home/IC/SYSTEM/UART_RX/std_cells/scmetro_tsmc_cl013g_rvt_ff_1p32v_m40c.db'


Note: Symbol # after min delay cost means estimated hold TNS across all active scenarios 


  Optimization Complete
  ---------------------
1
#
####################################################################
#################### Mapping and optimization ######################
####################################################################
compile -map_effort high

Information: There are 4 potential problems in your design. Please run 'check_design' for more information. (LINT-99)


Warning: Operating condition scmetro_tsmc_cl013g_rvt_ss_1p08v_125c set on design UART_RX has different process,
voltage and temperatures parameters than the parameters at which target library 
scmetro_tsmc_cl013g_rvt_tt_1p2v_25c is characterized. Delays may be inaccurate as a result. (OPT-998)

  Beginning Pass 1 Mapping
  ------------------------
  Processing 'stp_checker'
  Processing 'par_checker'
  Processing 'strt_checker'
  Processing 'deserializer_parityCalc'
  Processing 'data_sampling'
  Processing 'edge_bit_counter'
  Processing 'FSM'
  Processing 'mux2X1_0'
  Processing 'mux2X1_1'
  Processing 'UART_RX'

  Updating timing information
Information: Updating design information... (UID-85)

  Beginning Mapping Optimizations  (High effort)
  -------------------------------

                                  TOTAL                                      
   ELAPSED            WORST NEG   SETUP    DESIGN                            
    TIME      AREA      SLACK     COST    RULE COST         ENDPOINT         
  --------- --------- --------- --------- --------- -------------------------
    0:00:01    6247.1      0.00       0.0       0.0                          
    0:00:01    6247.1      0.00       0.0       0.0                          
    0:00:01    6247.1      0.00       0.0       0.0                          
    0:00:01    6247.1      0.00       0.0       0.0                          
    0:00:01    6247.1      0.00       0.0       0.0                          
    0:00:01    2747.6      0.00       0.0       0.0                          
    0:00:01    2747.6      0.00       0.0       0.0                          
    0:00:01    2747.6      0.00       0.0       0.0                          
    0:00:01    2747.6      0.00       0.0       0.0                          
    0:00:01    2747.6      0.00       0.0       0.0                          
    0:00:01    2747.6      0.00       0.0       0.0                          
    0:00:01    2747.6      0.00       0.0       0.0                          
    0:00:01    2747.6      0.00       0.0       0.0                          



  Beginning Delay Optimization Phase
  ----------------------------------

                                  TOTAL                                      
   ELAPSED            WORST NEG   SETUP    DESIGN                            
    TIME      AREA      SLACK     COST    RULE COST         ENDPOINT         
  --------- --------- --------- --------- --------- -------------------------
    0:00:01    2747.6      0.00       0.0       0.0                          
    0:00:01    2747.6      0.00       0.0       0.0                          
    0:00:02    2634.6      0.00       0.0      32.0                          


  Beginning Design Rule Fixing  (max_transition)  (max_capacitance)
  ----------------------------

                                  TOTAL                                      
   ELAPSED            WORST NEG   SETUP    DESIGN                            
    TIME      AREA      SLACK     COST    RULE COST         ENDPOINT         
  --------- --------- --------- --------- --------- -------------------------
    0:00:02    2634.6      0.00       0.0      32.0                          
    0:00:02    2719.4      0.00       0.0       0.0                          


  Beginning Area-Recovery Phase  (cleanup)
  -----------------------------

                                  TOTAL                                      
   ELAPSED            WORST NEG   SETUP    DESIGN                            
    TIME      AREA      SLACK     COST    RULE COST         ENDPOINT         
  --------- --------- --------- --------- --------- -------------------------
    0:00:02    2719.4      0.00       0.0       0.0                          
    0:00:02    2719.4      0.00       0.0       0.0                          
    0:00:02    2712.3      0.00       0.0       0.0                          
    0:00:02    2712.3      0.00       0.0       0.0                          
    0:00:02    2712.3      0.00       0.0       0.0                          
    0:00:02    2712.3      0.00       0.0       0.0                          
    0:00:02    2712.3      0.00       0.0       0.0                          
    0:00:02    2712.3      0.00       0.0       0.0                          
    0:00:02    2712.3      0.00       0.0       0.0                          
    0:00:02    2712.3      0.00       0.0       0.0                          
    0:00:02    2712.3      0.00       0.0       0.0                          
    0:00:02    2712.3      0.00       0.0       0.0                          
    0:00:02    2712.3      0.00       0.0       0.0                          
Loading db file '/home/IC/SYSTEM/UART_RX/std_cells/scmetro_tsmc_cl013g_rvt_ss_1p08v_125c.db'
Loading db file '/home/IC/SYSTEM/UART_RX/std_cells/scmetro_tsmc_cl013g_rvt_tt_1p2v_25c.db'
Loading db file '/home/IC/SYSTEM/UART_RX/std_cells/scmetro_tsmc_cl013g_rvt_ff_1p32v_m40c.db'


Note: Symbol # after min delay cost means estimated hold TNS across all active scenarios 


  Optimization Complete
  ---------------------
1
set_svf -off
1
#
################################################################### 
# Setting Test Timing Variables
################################################################### 
# Preclock Measure Protocol (default protocol)
set test_default_period 100
100
set test_default_delay 0
0
set test_default_bidir_delay 0
0
set test_default_strobe 20
20
set test_default_strobe_width 0
0
#
##################################################################
#################### DFT Constrains Section ######################
##################################################################
########################## Define DFT Signals ##########################
set_dft_signal -port [get_ports scan_clk] -type ScanClock -view existing_dft -timing {30 60}
Accepted dft signal specification for modes: all_dft
1
set_dft_signal -port [get_ports scan_rst] -type Reset -view existing_dft -active_state 0 
Accepted dft signal specification for modes: all_dft
1
set_dft_signal -port [get_ports test_mode] -type TestMode -view existing_dft -active_state 1
Accepted dft signal specification for modes: all_dft
1
set_dft_signal -port [get_ports test_mode] -type Constant -view spec -active_state 1
Accepted dft signal specification for modes: all_dft
1
set_dft_signal -port [get_ports SE] -type ScanEnable -view spec -active_state 1 -usage scan
Accepted dft signal specification for modes: all_dft
1
set_dft_signal -port [get_ports SI] -type ScanDataIn -view spec 
Accepted dft signal specification for modes: all_dft
1
set_dft_signal -port [get_ports SO] -type ScanDataOut -view spec
Accepted dft signal specification for modes: all_dft
1
#
############################# Create Test Protocol #####################
create_test_protocol
In mode: all_dft...

Information: Starting test protocol creation. (TEST-219)
  ...reading user specified clock signals...
Information: Identified system/test clock port scan_clk (30.0,60.0). (TEST-265)
  ...reading user specified asynchronous signals...
Information: Identified active low asynchronous control port scan_rst. (TEST-266)
1
#
###################### Pre-DFT Design Rule Checking ####################
dft_drc -verbose
In mode: all_dft...
  Pre-DFT DRC enabled

Information: Starting test design rule checking. (TEST-222)
  Loading test protocol
  ...basic checks...
  ...basic sequential cell checks...
  	...checking for scan equivalents...
  ...checking vector rules...
  ...checking pre-dft rules...

-----------------------------------------------------------------
  DRC Report

  Total violations: 0

-----------------------------------------------------------------


Test Design rule checking did not find violations

-----------------------------------------------------------------
  Sequential Cell Report

  0 out of 38 sequential cells have violations

-----------------------------------------------------------------

SEQUENTIAL CELLS WITHOUT VIOLATIONS
      *  38 cells are valid scan cells
         FSM/current_state_reg[2]
         FSM/current_state_reg[0]
         FSM/current_state_reg[1]
         FSM/data_valid_reg
         counter/edge_cnt_reg[5]
         counter/edge_cnt_reg[2]
         counter/edge_cnt_reg[3]
         counter/edge_cnt_reg[4]
         counter/edge_cnt_reg[1]
         counter/bit_cnt_reg[1]
         counter/bit_cnt_reg[0]
         counter/bit_cnt_reg[3]
         counter/bit_cnt_reg[2]
         counter/edge_cnt_reg[0]
         sampler/samples_reg[2]
         sampler/DONE_reg
         sampler/sampled_bit_reg
         sampler/samples_reg[0]
         sampler/samples_reg[1]
         deserializer_parityCalc/registers_reg[2]
         deserializer_parityCalc/registers_reg[1]
         deserializer_parityCalc/registers_reg[0]
         deserializer_parityCalc/registers_reg[3]
         deserializer_parityCalc/registers_reg[5]
         deserializer_parityCalc/registers_reg[4]
         deserializer_parityCalc/registers_reg[6]
         deserializer_parityCalc/registers_reg[7]
         deserializer_parityCalc/P_DATA_reg[7]
         deserializer_parityCalc/P_DATA_reg[6]
         deserializer_parityCalc/P_DATA_reg[5]
         deserializer_parityCalc/P_DATA_reg[4]
         deserializer_parityCalc/P_DATA_reg[3]
         deserializer_parityCalc/P_DATA_reg[2]
         deserializer_parityCalc/P_DATA_reg[1]
         deserializer_parityCalc/P_DATA_reg[0]
         strt_checker/strt_glitch_reg
         par_checker/par_err_reg
         stp_checker/stp_err_reg

Information: Test design rule checking completed. (TEST-123)
1
#
############################# Preview DFT ##############################
preview_dft -show scan_summary
  Information: Using test design rule information from previous dft_drc run.
  Architecting Scan Chains

****************************************
Preview_dft report
For    : 'Insert_dft' command
Design : UART_RX
Version: K-2015.06
Date   : Sun Sep 24 02:16:22 2023
****************************************

Number of chains: 1
Scan methodology: full_scan
Scan style: multiplexed_flip_flop
Clock domain: no_mix

Chain      Scan Ports (si --> so)        # of Cells   Inst/Chain               Clock (port, time, edge)
-----      ----------------------        ----------   ----------               ------------------------
S 1        SI -->  SO                            38   FSM/current_state_reg[0] (scan_clk, 30.0, rising) 
1
#
############################# Insert DFT ###############################
insert_dft
Loading db file '/home/IC/SYSTEM/UART_RX/std_cells/scmetro_tsmc_cl013g_rvt_ss_1p08v_125c.db'
Loading db file '/home/IC/SYSTEM/UART_RX/std_cells/scmetro_tsmc_cl013g_rvt_tt_1p2v_25c.db'
Loading db file '/home/IC/SYSTEM/UART_RX/std_cells/scmetro_tsmc_cl013g_rvt_ff_1p32v_m40c.db'
  Information: Using test design rule information from previous dft_drc run.
  Architecting Scan Chains
  Routing Scan Chains
  Routing Global Signals
  Mapping New Logic
Resetting current test mode
  Beginning Mapping Optimizations
  -------------------------------

                                  TOTAL                                      
   ELAPSED            WORST NEG   SETUP    DESIGN                            
    TIME      AREA      SLACK     COST    RULE COST         ENDPOINT         
  --------- --------- --------- --------- --------- -------------------------

1
#
###################### Optimize Logic post DFT #######################
compile -scan -incremental
Information: Choosing a test methodology will restrict the optimization of sequential cells. (UIO-12)

Information: There are 2 potential problems in your design. Please run 'check_design' for more information. (LINT-99)


Warning: Operating condition scmetro_tsmc_cl013g_rvt_ss_1p08v_125c set on design UART_RX has different process,
voltage and temperatures parameters than the parameters at which target library 
scmetro_tsmc_cl013g_rvt_tt_1p2v_25c is characterized. Delays may be inaccurate as a result. (OPT-998)

  Beginning Pass 1 Mapping  (Incremental)
  ------------------------

  Updating timing information
Information: Updating design information... (UID-85)

  Beginning Mapping Optimizations  (Medium effort)  (Incremental)
  -------------------------------

  Beginning Incremental Implementation Selection
  ----------------------------------------------

  Beginning Delay Optimization Phase
  ----------------------------------

                                  TOTAL                                      
   ELAPSED            WORST NEG   SETUP    DESIGN                            
    TIME      AREA      SLACK     COST    RULE COST         ENDPOINT         
  --------- --------- --------- --------- --------- -------------------------
    0:00:01    2712.3      0.00       0.0       0.0                          
    0:00:01    2712.3      0.00       0.0       0.0                          
    0:00:01    2627.6      0.00       0.0      32.1                          


  Beginning Design Rule Fixing  (max_transition)  (max_capacitance)
  ----------------------------

                                  TOTAL                                      
   ELAPSED            WORST NEG   SETUP    DESIGN                            
    TIME      AREA      SLACK     COST    RULE COST         ENDPOINT         
  --------- --------- --------- --------- --------- -------------------------
    0:00:01    2627.6      0.00       0.0      32.1                          
    0:00:01    2712.3      0.00       0.0       0.0                          
Loading db file '/home/IC/SYSTEM/UART_RX/std_cells/scmetro_tsmc_cl013g_rvt_ss_1p08v_125c.db'
Loading db file '/home/IC/SYSTEM/UART_RX/std_cells/scmetro_tsmc_cl013g_rvt_tt_1p2v_25c.db'
Loading db file '/home/IC/SYSTEM/UART_RX/std_cells/scmetro_tsmc_cl013g_rvt_ff_1p32v_m40c.db'


Note: Symbol # after min delay cost means estimated hold TNS across all active scenarios 


  Optimization Complete
  ---------------------
1
#
###################### Design Rule Checking post DFT ###################
dft_drc -verbose -coverage_estimate
In mode: Internal_scan...
  Design has scan chains in this mode
  Design is scan routed
  Post-DFT DRC enabled

Information: Starting test design rule checking. (TEST-222)
  Loading test protocol
  ...basic checks...
  ...basic sequential cell checks...
  ...checking vector rules...
  ...checking clock rules...
  ...checking scan chain rules...
  ...checking scan compression rules...
  ...checking X-state rules...
  ...checking tristate rules...
  ...extracting scan details...

-----------------------------------------------------------------
  DRC Report

  Total violations: 0

-----------------------------------------------------------------


Test Design rule checking did not find violations

-----------------------------------------------------------------
  Sequential Cell Report

  0 out of 38 sequential cells have violations

-----------------------------------------------------------------

SEQUENTIAL CELLS WITHOUT VIOLATIONS
      *  38 cells are valid scan cells
         FSM/current_state_reg[2]
         FSM/current_state_reg[0]
         FSM/current_state_reg[1]
         FSM/data_valid_reg
         counter/edge_cnt_reg[5]
         counter/edge_cnt_reg[2]
         counter/edge_cnt_reg[3]
         counter/edge_cnt_reg[4]
         counter/edge_cnt_reg[1]
         counter/bit_cnt_reg[1]
         counter/bit_cnt_reg[0]
         counter/bit_cnt_reg[3]
         counter/bit_cnt_reg[2]
         counter/edge_cnt_reg[0]
         sampler/samples_reg[2]
         sampler/DONE_reg
         sampler/sampled_bit_reg
         sampler/samples_reg[0]
         sampler/samples_reg[1]
         deserializer_parityCalc/registers_reg[2]
         deserializer_parityCalc/registers_reg[1]
         deserializer_parityCalc/registers_reg[0]
         deserializer_parityCalc/registers_reg[3]
         deserializer_parityCalc/registers_reg[7]
         deserializer_parityCalc/registers_reg[5]
         deserializer_parityCalc/registers_reg[4]
         deserializer_parityCalc/registers_reg[6]
         deserializer_parityCalc/P_DATA_reg[6]
         deserializer_parityCalc/P_DATA_reg[5]
         deserializer_parityCalc/P_DATA_reg[4]
         deserializer_parityCalc/P_DATA_reg[3]
         deserializer_parityCalc/P_DATA_reg[2]
         deserializer_parityCalc/P_DATA_reg[1]
         deserializer_parityCalc/P_DATA_reg[0]
         deserializer_parityCalc/P_DATA_reg[7]
         strt_checker/strt_glitch_reg
         par_checker/par_err_reg
         stp_checker/stp_err_reg

....Inferring feed-through connections....
Information: Test design rule checking completed. (TEST-123)
  Running test coverage estimation...
 1820 faults were added to fault list.
 0            1043    445         0/0/0    74.97%      0.00
 0             250    195         0/0/0    88.68%      0.00
 0             101     92         1/1/0    94.28%      0.00
 0              48     43         2/1/0    96.97%      0.00
 0              42      0         3/1/0    99.34%      0.00
 
            Pattern Summary Report
 -----------------------------------------------
 #internal patterns                           0
 -----------------------------------------------
 

     Uncollapsed Stuck Fault Summary Report
 -----------------------------------------------
 fault class                     code   #faults
 ------------------------------  ----  ---------
 Detected                         DT       1805
 Possibly detected                PT          0
 Undetectable                     UD          3
 ATPG untestable                  AU         12
 Not detected                     ND          0
 -----------------------------------------------
 total faults                              1820
 test coverage                            99.34%
 -----------------------------------------------
  Information: The test coverage above may be inferior
               than the real test coverage with customized
               protocol and test simulation library.
1
#
#############################################################################
###################### Write out Design after compile #######################
#############################################################################
#Avoid Writing assign statements in the netlist
change_name -hier -rule verilog
Warning: In the design UART_RX, net 'P_DATA[7]' is connecting multiple ports. (UCN-1)
1
#
write_file -format verilog -hierarchy -output UART_RX_TOP_dft.v
Writing verilog file '/home/IC/SYSTEM/UART_RX/dft/UART_RX_TOP_dft.v'.
Warning: Verilog 'assign' or 'tran' statements are written out. (VO-4)
1
write_file -format ddc -hierarchy -output UART_RX_TOP_dft.ddc
Writing ddc file 'UART_RX_TOP_dft.ddc'.
1
write_sdc UART_RX_TOP_dft.sdc
1
write_sdf UART_RX_TOP_dft.sdf
Information: Annotated 'cell' delays are assumed to include load delay. (UID-282)
Information: Writing timing information to file '/home/IC/SYSTEM/UART_RX/dft/UART_RX_TOP_dft.sdf'. (WT-3)
Information: Updating design information... (UID-85)
1
#
#############################################################################
############################# Reporting #####################################
#############################################################################
report_area -hierarchy > area_dft.rpt
report_power -hierarchy > power_dft.rpt
#
report_timing -max_paths 5 -delay_type min > hold_dft.rpt
report_timing -max_paths 5 -delay_type max > setup_dft.rpt
#
report_clock -attributes > clock_dft.rpt
report_constraint -all_violators > constraints_dft.rpt
#
report_port > ports.rpt
dft_drc -verbose -coverage_estimate > coverage_dft.rpt
#
######################################################################
######################## Starting GUI ################################
######################################################################
start_gui
Current design is 'UART_RX'.
#exit
dc_shell> dc_shell> dc_shell> 