In mode: Internal_scan...
  Design has scan chains in this mode
  Design is scan routed
  Post-DFT DRC enabled

Information: Starting test design rule checking. (TEST-222)
  Loading test protocol
  ...basic checks...
  ...basic sequential cell checks...
  ...checking vector rules...
  ...checking clock rules...
  ...checking scan chain rules...
  ...checking scan compression rules...
  ...checking X-state rules...
  ...checking tristate rules...
  ...extracting scan details...

-----------------------------------------------------------------
  DRC Report

  Total violations: 0

-----------------------------------------------------------------


Test Design rule checking did not find violations

-----------------------------------------------------------------
  Sequential Cell Report

  0 out of 18 sequential cells have violations

-----------------------------------------------------------------

SEQUENTIAL CELLS WITHOUT VIOLATIONS
      *  18 cells are valid scan cells
         DUT0/ser_data_reg
         DUT0/registers_reg_4_
         DUT0/registers_reg_0_
         DUT0/registers_reg_2_
         DUT0/registers_reg_3_
         DUT0/counter_reg_2_
         DUT0/ser_done_reg
         DUT0/counter_reg_1_
         DUT0/counter_reg_0_
         DUT0/registers_reg_5_
         DUT0/registers_reg_1_
         DUT0/registers_reg_6_
         DUT0/registers_reg_7_
         DUT1/current_state_reg_0_
         DUT1/current_state_reg_2_
         DUT1/current_state_reg_1_
         DUT1/BUSY_reg
         DUT2/MUX_OUT_reg

....Inferring feed-through connections....
Information: Test design rule checking completed. (TEST-123)
  Running test coverage estimation...
 656 faults were added to fault list.
 0             418     58         0/0/0    89.48%      0.00
 0              54      0         2/0/0    98.31%      0.00
 
            Pattern Summary Report
 -----------------------------------------------
 #internal patterns                           0
 -----------------------------------------------
 

     Uncollapsed Stuck Fault Summary Report
 -----------------------------------------------
 fault class                     code   #faults
 ------------------------------  ----  ---------
 Detected                         DT        641
 Possibly detected                PT          0
 Undetectable                     UD          4
 ATPG untestable                  AU         11
 Not detected                     ND          0
 -----------------------------------------------
 total faults                               656
 test coverage                            98.31%
 -----------------------------------------------
  Information: The test coverage above may be inferior
               than the real test coverage with customized
               protocol and test simulation library.
1
