 
****************************************
Report : port
Design : UART_TX
Version: K-2015.06
Date   : Wed Sep 20 03:17:13 2023
****************************************



Attributes:
    d - dont_touch_network

                       Pin      Wire     Max     Max     Connection
Port           Dir     Load     Load     Trans   Cap     Class      Attrs
--------------------------------------------------------------------------------
CLK            in      0.0000   0.0000   --      --      --         d
DATA_VALID     in      0.0000   0.0000    1.50    0.18   --         
PAR_EN         in      0.0000   0.0000    1.50    0.18   --         
PAR_TYP        in      0.0000   0.0000    1.50    0.18   --         
P_DATA[0]      in      0.0000   0.0000    1.50    0.18   --         
P_DATA[1]      in      0.0000   0.0000    1.50    0.18   --         
P_DATA[2]      in      0.0000   0.0000    1.50    0.18   --         
P_DATA[3]      in      0.0000   0.0000    1.50    0.18   --         
P_DATA[4]      in      0.0000   0.0000    1.50    0.18   --         
P_DATA[5]      in      0.0000   0.0000    1.50    0.18   --         
P_DATA[6]      in      0.0000   0.0000    1.50    0.18   --         
P_DATA[7]      in      0.0000   0.0000    1.50    0.18   --         
RST            in      0.0000   0.0000   --      --      --         
SE             in      0.0000   0.0000   --      --      --         
SI             in      0.0000   0.0000   --      --      --         
scan_clk       in      0.0000   0.0000   --      --      --         
scan_rst       in      0.0000   0.0000   --      --      --         
test_mode      in      0.0000   0.0000   --      --      --         
BUSY           out     0.5000   0.0000   --      --      --         
SO             out     0.0000   0.0000   --      --      --         
TX_OUT         out     0.5000   0.0000   --      --      --         

1
